0 info it worked if it ends with ok
1 verbose cli [ 'node', '/usr/local/bin/npm', 'install', 'socket.ieo', '--save' ]
2 info using npm@2.14.0
3 info using node@v0.12.7
4 verbose install initial load of /Users/mukum/Documents/XCode Projects Sep2015 Onwards/chatCAT/package.json
5 warn package.json chatcat@1.0.0 No description
6 warn package.json chatcat@1.0.0 No repository field.
7 warn package.json chatcat@1.0.0 No README data
8 verbose installManyTop reading scoped package data from /Users/mukum/Documents/XCode Projects Sep2015 Onwards/chatCAT/node_modules/connect-mongo/package.json
9 verbose installManyTop reading scoped package data from /Users/mukum/Documents/XCode Projects Sep2015 Onwards/chatCAT/node_modules/cookie-parser/package.json
10 verbose installManyTop reading scoped package data from /Users/mukum/Documents/XCode Projects Sep2015 Onwards/chatCAT/node_modules/express/package.json
11 verbose installManyTop reading scoped package data from /Users/mukum/Documents/XCode Projects Sep2015 Onwards/chatCAT/node_modules/express-session/package.json
12 verbose installManyTop reading scoped package data from /Users/mukum/Documents/XCode Projects Sep2015 Onwards/chatCAT/node_modules/hogan-express/package.json
13 verbose installManyTop reading scoped package data from /Users/mukum/Documents/XCode Projects Sep2015 Onwards/chatCAT/node_modules/mongoose/package.json
14 verbose installManyTop reading scoped package data from /Users/mukum/Documents/XCode Projects Sep2015 Onwards/chatCAT/node_modules/passport/package.json
15 verbose installManyTop reading scoped package data from /Users/mukum/Documents/XCode Projects Sep2015 Onwards/chatCAT/node_modules/passport-facebook/package.json
16 verbose installManyTop reading scoped package data from /Users/mukum/Documents/XCode Projects Sep2015 Onwards/chatCAT/node_modules/socket.io/package.json
17 info package.json connect-mongo@0.8.2 No license field.
18 info package.json socket.io@1.3.7 No license field.
19 info package.json passport-facebook@2.0.0 No license field.
20 verbose readDependencies loading dependencies from /Users/mukum/Documents/XCode Projects Sep2015 Onwards/chatCAT/package.json
21 silly cache add args [ 'socket.ieo', null ]
22 verbose cache add spec socket.ieo
23 silly cache add parsed spec { raw: 'socket.ieo',
23 silly cache add   scope: null,
23 silly cache add   name: 'socket.ieo',
23 silly cache add   rawSpec: '',
23 silly cache add   spec: '*',
23 silly cache add   type: 'range' }
24 silly addNamed socket.ieo@*
25 verbose addNamed "*" is a valid semver range for socket.ieo
26 silly addNameRange { name: 'socket.ieo', range: '*', hasData: false }
27 silly mapToRegistry name socket.ieo
28 silly mapToRegistry using default registry
29 silly mapToRegistry registry https://registry.npmjs.org/
30 silly mapToRegistry uri https://registry.npmjs.org/socket.ieo
31 verbose addNameRange registry:https://registry.npmjs.org/socket.ieo not in flight; fetching
32 verbose request uri https://registry.npmjs.org/socket.ieo
33 verbose request no auth needed
34 info attempt registry request try #1 at 8:09:12 PM
35 verbose request id 64bab7d34031d534
36 http request GET https://registry.npmjs.org/socket.ieo
37 http 404 https://registry.npmjs.org/socket.ieo
38 verbose headers { 'content-type': 'application/json',
38 verbose headers   'cache-control': 'max-age=0',
38 verbose headers   'content-length': '2',
38 verbose headers   'accept-ranges': 'bytes',
38 verbose headers   date: 'Wed, 21 Oct 2015 12:09:13 GMT',
38 verbose headers   via: '1.1 varnish',
38 verbose headers   age: '0',
38 verbose headers   connection: 'keep-alive',
38 verbose headers   'x-served-by': 'cache-hkg6824-HKG',
38 verbose headers   'x-cache': 'MISS',
38 verbose headers   'x-cache-hits': '0',
38 verbose headers   'x-timer': 'S1445429352.585746,VS0,VE956' }
39 silly get cb [ 404,
39 silly get   { 'content-type': 'application/json',
39 silly get     'cache-control': 'max-age=0',
39 silly get     'content-length': '2',
39 silly get     'accept-ranges': 'bytes',
39 silly get     date: 'Wed, 21 Oct 2015 12:09:13 GMT',
39 silly get     via: '1.1 varnish',
39 silly get     age: '0',
39 silly get     connection: 'keep-alive',
39 silly get     'x-served-by': 'cache-hkg6824-HKG',
39 silly get     'x-cache': 'MISS',
39 silly get     'x-cache-hits': '0',
39 silly get     'x-timer': 'S1445429352.585746,VS0,VE956' } ]
40 verbose stack Error: Registry returned 404 for GET on https://registry.npmjs.org/socket.ieo
40 verbose stack     at makeError (/usr/local/lib/node_modules/npm/node_modules/npm-registry-client/lib/request.js:263:12)
40 verbose stack     at CachingRegistryClient.<anonymous> (/usr/local/lib/node_modules/npm/node_modules/npm-registry-client/lib/request.js:241:14)
40 verbose stack     at Request._callback (/usr/local/lib/node_modules/npm/node_modules/npm-registry-client/lib/request.js:171:14)
40 verbose stack     at Request.self.callback (/usr/local/lib/node_modules/npm/node_modules/request/request.js:198:22)
40 verbose stack     at Request.emit (events.js:110:17)
40 verbose stack     at Request.<anonymous> (/usr/local/lib/node_modules/npm/node_modules/request/request.js:1057:14)
40 verbose stack     at Request.emit (events.js:129:20)
40 verbose stack     at IncomingMessage.<anonymous> (/usr/local/lib/node_modules/npm/node_modules/request/request.js:1003:12)
40 verbose stack     at IncomingMessage.emit (events.js:129:20)
40 verbose stack     at _stream_readable.js:908:16
41 verbose statusCode 404
42 verbose pkgid socket.ieo
43 verbose cwd /Users/mukum/Documents/XCode Projects Sep2015 Onwards/chatCAT
44 error Darwin 14.5.0
45 error argv "node" "/usr/local/bin/npm" "install" "socket.ieo" "--save"
46 error node v0.12.7
47 error npm  v2.14.0
48 error code E404
49 error 404 Registry returned 404 for GET on https://registry.npmjs.org/socket.ieo
49 error 404
49 error 404 'socket.ieo' is not in the npm registry.
49 error 404 You should bug the author to publish it (or use the name yourself!)
49 error 404 It was specified as a dependency of 'chatcat'
49 error 404
49 error 404 Note that you can also install from a
49 error 404 tarball, folder, http url, or git url.
50 verbose exit [ 1, true ]
